Flow report for VGA-FRAMEBUFFER
Thu Aug 18 16:47:20 2022
Quartus Prime Version 20.1.1 Build 720 11/11/2020 SJ Lite Edition


---------------------
; Table of Contents ;
---------------------
  1. Legal Notice
  2. Flow Summary
  3. Flow Settings
  4. Flow Non-Default Global Settings
  5. Flow Elapsed Time
  6. Flow OS Summary
  7. Flow Log
  8. Flow Messages
  9. Flow Suppressed Messages



----------------
; Legal Notice ;
----------------
Copyright (C) 2020  Intel Corporation. All rights reserved.
Your use of Intel Corporation's design tools, logic functions 
and other software and tools, and any partner logic 
functions, and any output files from any of the foregoing 
(including device programming or simulation files), and any 
associated documentation or information are expressly subject 
to the terms and conditions of the Intel Program License 
Subscription Agreement, the Intel Quartus Prime License Agreement,
the Intel FPGA IP License Agreement, or other applicable license
agreement, including, without limitation, that your use is for
the sole purpose of programming logic devices manufactured by
Intel and sold by Intel or its authorized distributors.  Please
refer to the applicable agreement for further details, at
https://fpgasoftware.intel.com/eula.



+----------------------------------------------------------------------------------+
; Flow Summary                                                                     ;
+------------------------------------+---------------------------------------------+
; Flow Status                        ; Successful - Thu Aug 18 16:47:18 2022       ;
; Quartus Prime Version              ; 20.1.1 Build 720 11/11/2020 SJ Lite Edition ;
; Revision Name                      ; VGA-FRAMEBUFFER                             ;
; Top-level Entity Name              ; top                                         ;
; Family                             ; Cyclone IV E                                ;
; Device                             ; EP4CE10E22C8                                ;
; Timing Models                      ; Final                                       ;
; Total logic elements               ; 697 / 10,320 ( 7 % )                        ;
;     Total combinational functions  ; 675 / 10,320 ( 7 % )                        ;
;     Dedicated logic registers      ; 289 / 10,320 ( 3 % )                        ;
; Total registers                    ; 289                                         ;
; Total pins                         ; 28 / 92 ( 30 % )                            ;
; Total virtual pins                 ; 0                                           ;
; Total memory bits                  ; 14,834 / 423,936 ( 3 % )                    ;
; Embedded Multiplier 9-bit elements ; 0 / 46 ( 0 % )                              ;
; Total PLLs                         ; 1 / 2 ( 50 % )                              ;
+------------------------------------+---------------------------------------------+


+-----------------------------------------+
; Flow Settings                           ;
+-------------------+---------------------+
; Option            ; Setting             ;
+-------------------+---------------------+
; Start date & time ; 08/18/2022 16:47:00 ;
; Main task         ; Compilation         ;
; Revision Name     ; VGA-FRAMEBUFFER     ;
+-------------------+---------------------+


+---------------------------------------------------------------------------------------------------------------------------+
; Flow Non-Default Global Settings                                                                                          ;
+-------------------------------------+----------------------------------------+-----------------+-------------+------------+
; Assignment Name                     ; Value                                  ; Default Value   ; Entity Name ; Section Id ;
+-------------------------------------+----------------------------------------+-----------------+-------------+------------+
; COMPILER_SIGNATURE_ID               ; 1095875200532.166083042002100          ; --              ; --          ; --         ;
; MAX_CORE_JUNCTION_TEMP              ; 85                                     ; --              ; --          ; --         ;
; MIN_CORE_JUNCTION_TEMP              ; 0                                      ; --              ; --          ; --         ;
; MISC_FILE                           ; ../SourceFiles/PLL/pll.ppf             ; --              ; --          ; --         ;
; MISC_FILE                           ; ../SourceFiles/PLL/pll_syn.v           ; --              ; --          ; --         ;
; NOMINAL_CORE_SUPPLY_VOLTAGE         ; 1.2V                                   ; --              ; --          ; --         ;
; OUTPUT_IO_TIMING_FAR_END_VMEAS      ; Half Signal Swing                      ; --              ; --          ; --         ;
; OUTPUT_IO_TIMING_FAR_END_VMEAS      ; Half Signal Swing                      ; --              ; --          ; --         ;
; OUTPUT_IO_TIMING_NEAR_END_VMEAS     ; Half Vccio                             ; --              ; --          ; --         ;
; OUTPUT_IO_TIMING_NEAR_END_VMEAS     ; Half Vccio                             ; --              ; --          ; --         ;
; PARTITION_COLOR                     ; -- (Not supported for targeted family) ; --              ; top         ; Top        ;
; PARTITION_FITTER_PRESERVATION_LEVEL ; -- (Not supported for targeted family) ; --              ; top         ; Top        ;
; PARTITION_NETLIST_TYPE              ; -- (Not supported for targeted family) ; --              ; top         ; Top        ;
; POWER_BOARD_THERMAL_MODEL           ; None (CONSERVATIVE)                    ; --              ; --          ; --         ;
; POWER_PRESET_COOLING_SOLUTION       ; 23 MM HEAT SINK WITH 200 LFPM AIRFLOW  ; --              ; --          ; --         ;
; PROJECT_OUTPUT_DIRECTORY            ; output_files                           ; --              ; --          ; --         ;
; TOP_LEVEL_ENTITY                    ; top                                    ; VGA-FRAMEBUFFER ; --          ; --         ;
+-------------------------------------+----------------------------------------+-----------------+-------------+------------+


+--------------------------------------------------------------------------------------------------------------------------+
; Flow Elapsed Time                                                                                                        ;
+----------------------+--------------+-------------------------+---------------------+------------------------------------+
; Module Name          ; Elapsed Time ; Average Processors Used ; Peak Virtual Memory ; Total CPU Time (on all processors) ;
+----------------------+--------------+-------------------------+---------------------+------------------------------------+
; Analysis & Synthesis ; 00:00:10     ; 1.0                     ; 4777 MB             ; 00:00:20                           ;
; Fitter               ; 00:00:05     ; 1.1                     ; 5499 MB             ; 00:00:05                           ;
; Assembler            ; 00:00:01     ; 1.0                     ; 4680 MB             ; 00:00:01                           ;
; Timing Analyzer      ; 00:00:02     ; 1.2                     ; 4774 MB             ; 00:00:02                           ;
; Total                ; 00:00:18     ; --                      ; --                  ; 00:00:28                           ;
+----------------------+--------------+-------------------------+---------------------+------------------------------------+


+------------------------------------------------------------------------------------+
; Flow OS Summary                                                                    ;
+----------------------+------------------+------------+------------+----------------+
; Module Name          ; Machine Hostname ; OS Name    ; OS Version ; Processor type ;
+----------------------+------------------+------------+------------+----------------+
; Analysis & Synthesis ; DESKTOP-GJ4JLSH  ; Windows 10 ; 10.0       ; x86_64         ;
; Fitter               ; DESKTOP-GJ4JLSH  ; Windows 10 ; 10.0       ; x86_64         ;
; Assembler            ; DESKTOP-GJ4JLSH  ; Windows 10 ; 10.0       ; x86_64         ;
; Timing Analyzer      ; DESKTOP-GJ4JLSH  ; Windows 10 ; 10.0       ; x86_64         ;
+----------------------+------------------+------------+------------+----------------+


------------
; Flow Log ;
------------
quartus_map --read_settings_files=on --write_settings_files=off VGA-FRAMEBUFFER -c VGA-FRAMEBUFFER
quartus_fit --read_settings_files=off --write_settings_files=off VGA-FRAMEBUFFER -c VGA-FRAMEBUFFER
quartus_asm --read_settings_files=off --write_settings_files=off VGA-FRAMEBUFFER -c VGA-FRAMEBUFFER
quartus_sta VGA-FRAMEBUFFER -c VGA-FRAMEBUFFER



