Assembler report for VGA-FRAMEBUFFER
<<<<<<< Updated upstream
<<<<<<< Updated upstream
Sat Jul 23 18:30:31 2022
Quartus Prime Version 20.1.1 Build 720 11/11/2020 SJ Lite Edition
=======
Mon Jul 25 16:57:18 2022
Quartus Prime Version 20.1.1 Build 720 11/11/2020 Patches 1.02i SJ Lite Edition
>>>>>>> Stashed changes
=======
Mon Jul 25 16:57:18 2022
Quartus Prime Version 20.1.1 Build 720 11/11/2020 Patches 1.02i SJ Lite Edition
>>>>>>> Stashed changes


---------------------
; Table of Contents ;
---------------------
  1. Legal Notice
  2. Assembler Summary
  3. Assembler Settings
  4. Assembler Generated Files
  5. Assembler Device Options: C:/Users/User/Downloads/VGA-Framebuffer-main/Project/output_files/VGA-FRAMEBUFFER.sof
  6. Assembler Messages



----------------
; Legal Notice ;
----------------
Copyright (C) 2020  Intel Corporation. All rights reserved.
Your use of Intel Corporation's design tools, logic functions 
and other software and tools, and any partner logic 
functions, and any output files from any of the foregoing 
(including device programming or simulation files), and any 
associated documentation or information are expressly subject 
to the terms and conditions of the Intel Program License 
Subscription Agreement, the Intel Quartus Prime License Agreement,
the Intel FPGA IP License Agreement, or other applicable license
agreement, including, without limitation, that your use is for
the sole purpose of programming logic devices manufactured by
Intel and sold by Intel or its authorized distributors.  Please
refer to the applicable agreement for further details, at
https://fpgasoftware.intel.com/eula.



+---------------------------------------------------------------+
; Assembler Summary                                             ;
+-----------------------+---------------------------------------+
<<<<<<< Updated upstream
<<<<<<< Updated upstream
; Assembler Status      ; Successful - Sat Jul 23 18:30:31 2022 ;
=======
; Assembler Status      ; Successful - Mon Jul 25 16:57:18 2022 ;
>>>>>>> Stashed changes
=======
; Assembler Status      ; Successful - Mon Jul 25 16:57:18 2022 ;
>>>>>>> Stashed changes
; Revision Name         ; VGA-FRAMEBUFFER                       ;
; Top-level Entity Name ; top                                   ;
; Family                ; Cyclone IV E                          ;
; Device                ; EP4CE10E22C8                          ;
+-----------------------+---------------------------------------+


+----------------------------------+
; Assembler Settings               ;
+--------+---------+---------------+
; Option ; Setting ; Default Value ;
+--------+---------+---------------+


+---------------------------------------------------------------------------------------+
; Assembler Generated Files                                                             ;
+---------------------------------------------------------------------------------------+
; File Name                                                                             ;
+---------------------------------------------------------------------------------------+
; C:/Users/User/Downloads/VGA-Framebuffer-main/Project/output_files/VGA-FRAMEBUFFER.sof ;
+---------------------------------------------------------------------------------------+


<<<<<<< Updated upstream
<<<<<<< Updated upstream
+--------------------------------------------------------------------------------------------------------------------+
; Assembler Device Options: D:/Users/callo/Documents/GitHub/VGA-Framebuffer/Project/output_files/VGA-FRAMEBUFFER.sof ;
+----------------+---------------------------------------------------------------------------------------------------+
; Option         ; Setting                                                                                           ;
+----------------+---------------------------------------------------------------------------------------------------+
; JTAG usercode  ; 0x00161543                                                                                        ;
; Checksum       ; 0x00161543                                                                                        ;
+----------------+---------------------------------------------------------------------------------------------------+
=======
=======
>>>>>>> Stashed changes
+-----------------------------------------------------------------------------------------------------------------+
; Assembler Device Options: C:/Users/User/Downloads/VGA-Framebuffer-main/Project/output_files/VGA-FRAMEBUFFER.sof ;
+----------------+------------------------------------------------------------------------------------------------+
; Option         ; Setting                                                                                        ;
+----------------+------------------------------------------------------------------------------------------------+
; JTAG usercode  ; 0x0012CEAA                                                                                     ;
; Checksum       ; 0x0012CEAA                                                                                     ;
+----------------+------------------------------------------------------------------------------------------------+
<<<<<<< Updated upstream
>>>>>>> Stashed changes
=======
>>>>>>> Stashed changes


+--------------------+
; Assembler Messages ;
+--------------------+
Info: *******************************************************************
Info: Running Quartus Prime Assembler
<<<<<<< Updated upstream
<<<<<<< Updated upstream
    Info: Version 20.1.1 Build 720 11/11/2020 SJ Lite Edition
    Info: Processing started: Sat Jul 23 18:30:31 2022
=======
    Info: Version 20.1.1 Build 720 11/11/2020 Patches 1.02i SJ Lite Edition
    Info: Processing started: Mon Jul 25 16:57:17 2022
>>>>>>> Stashed changes
=======
    Info: Version 20.1.1 Build 720 11/11/2020 Patches 1.02i SJ Lite Edition
    Info: Processing started: Mon Jul 25 16:57:17 2022
>>>>>>> Stashed changes
Info: Command: quartus_asm --read_settings_files=off --write_settings_files=off VGA-FRAMEBUFFER -c VGA-FRAMEBUFFER
Warning (18236): Number of processors has not been specified which may cause overloading on shared machines.  Set the global assignment NUM_PARALLEL_PROCESSORS in your QSF to an appropriate value for best performance.
Info (115031): Writing out detailed assembly data for power analysis
Info (115030): Assembler is generating device programming files
Info: Quartus Prime Assembler was successful. 0 errors, 1 warning
<<<<<<< Updated upstream
<<<<<<< Updated upstream
    Info: Peak virtual memory: 4682 megabytes
    Info: Processing ended: Sat Jul 23 18:30:31 2022
    Info: Elapsed time: 00:00:00
=======
=======
>>>>>>> Stashed changes
    Info: Peak virtual memory: 4680 megabytes
    Info: Processing ended: Mon Jul 25 16:57:18 2022
    Info: Elapsed time: 00:00:01
>>>>>>> Stashed changes
    Info: Total CPU time (on all processors): 00:00:01


